<?xml version="1.0" encoding="UTF-8"?>
<testng-results ignored="0" total="1" passed="1" failed="0" skipped="0">
  <reporter-output>
  </reporter-output>
  <suite started-at="2018-12-29T20:42:14Z" name="Suite" finished-at="2018-12-29T20:42:19Z" duration-ms="4732">
    <groups>
    </groups>
    <test started-at="2018-12-29T20:42:14Z" name="Test" finished-at="2018-12-29T20:42:19Z" duration-ms="4732">
      <class name="com.MavenTest.BaseClass">
        <test-method signature="setUp()[pri:0, instance:com.MavenTest.BaseClass@429bffaa]" started-at="2018-12-29T20:42:14Z" name="setUp" finished-at="2018-12-29T20:42:19Z" duration-ms="4714" status="PASS">
          <reporter-output>
          </reporter-output>
        </test-method> <!-- setUp -->
      </class> <!-- com.MavenTest.BaseClass -->
    </test> <!-- Test -->
  </suite> <!-- Suite -->
</testng-results>
